\BOOKMARK [0][-]{chapter.1}{Implementation}{}% 1
\BOOKMARK [1][-]{section.1.1}{Initial Prototype}{chapter.1}% 2
\BOOKMARK [2][-]{subsection.1.1.1}{Turtles}{section.1.1}% 3
\BOOKMARK [2][-]{subsection.1.1.2}{Highlighting}{section.1.1}% 4
\BOOKMARK [2][-]{subsection.1.1.3}{Chord input}{section.1.1}% 5
\BOOKMARK [1][-]{section.1.2}{Formative Evaluation}{chapter.1}% 6
\BOOKMARK [2][-]{subsection.1.2.1}{Issues and Suggestions}{section.1.2}% 7
\BOOKMARK [1][-]{section.1.3}{Second Prototype}{chapter.1}% 8
\BOOKMARK [2][-]{subsection.1.3.1}{Dynamics}{section.1.3}% 9
\BOOKMARK [2][-]{subsection.1.3.2}{Nested Instructions}{section.1.3}% 10
\BOOKMARK [2][-]{subsection.1.3.3}{Absolute Tempo}{section.1.3}% 11
\BOOKMARK [2][-]{subsection.1.3.4}{Custom Excel Functions}{section.1.3}% 12
\BOOKMARK [2][-]{subsection.1.3.5}{Sustain}{section.1.3}% 13
\BOOKMARK [2][-]{subsection.1.3.6}{Active Turtles}{section.1.3}% 14
\BOOKMARK [2][-]{subsection.1.3.7}{Automatic Movement}{section.1.3}% 15
\BOOKMARK [2][-]{subsection.1.3.8}{Inferred Octave}{section.1.3}% 16
\BOOKMARK [2][-]{subsection.1.3.9}{Chords}{section.1.3}% 17
\BOOKMARK [2][-]{subsection.1.3.10}{Activation of turtles}{section.1.3}% 18
\BOOKMARK [1][-]{section.1.4}{Final Prototype Implementation}{chapter.1}% 19
\BOOKMARK [2][-]{subsection.1.4.1}{Identifying Cells}{section.1.4}% 20
\BOOKMARK [2][-]{subsection.1.4.2}{Parsing Movement Instructions}{section.1.4}% 21
\BOOKMARK [2][-]{subsection.1.4.3}{Getting Cells in Turtle's path}{section.1.4}% 22
\BOOKMARK [2][-]{subsection.1.4.4}{Creating Note Times}{section.1.4}% 23
\BOOKMARK [2][-]{subsection.1.4.5}{Chord Input}{section.1.4}% 24
\BOOKMARK [2][-]{subsection.1.4.6}{Custom Excel Functions}{section.1.4}% 25
\BOOKMARK [1][-]{section.1.5}{MIDI Converter}{chapter.1}% 26
\BOOKMARK [1][-]{section.1.6}{Repository Overview}{chapter.1}% 27
\BOOKMARK [0][-]{section.1.6}{Bibliography}{}% 28
\BOOKMARK [0][-]{appendix.A}{Excello Implementation}{}% 29
\BOOKMARK [1][-]{section.A.1}{bracketsParse.ts}{appendix.A}% 30
